{
  "RSpec": {
    "coverage": {
      "/Users/tamchau/Work/rails/week3/CoderTicket/app/helpers/application_helper.rb": [
        1,
        1,
        0,
        null,
        0,
        null,
        0,
        null,
        0,
        null,
        0,
        null,
        0,
        null,
        null,
        null,
        null
      ],
      "/Users/tamchau/Work/rails/week3/CoderTicket/app/helpers/events_helper.rb": [
        1,
        1,
        2,
        null,
        null
      ],
      "/Users/tamchau/Work/rails/week3/CoderTicket/app/helpers/sessions_helper.rb": [
        1,
        null
      ],
      "/Users/tamchau/Work/rails/week3/CoderTicket/app/helpers/ticket_types_helper.rb": [
        1,
        null
      ],
      "/Users/tamchau/Work/rails/week3/CoderTicket/app/helpers/tickets_helper.rb": [
        1,
        null
      ],
      "/Users/tamchau/Work/rails/week3/CoderTicket/app/helpers/user_helper.rb": [
        1,
        null
      ],
      "/Users/tamchau/Work/rails/week3/CoderTicket/app/helpers/venues_helper.rb": [
        1,
        null
      ],
      "/Users/tamchau/Work/rails/week3/CoderTicket/app/controllers/events_controller.rb": [
        1,
        1,
        null,
        1,
        3,
        0,
        null,
        3,
        null,
        null,
        null,
        1,
        0,
        0,
        0,
        0,
        null,
        0,
        0,
        null,
        null,
        null,
        1,
        0,
        null,
        null,
        1,
        0,
        0,
        0,
        0,
        null,
        0,
        null,
        null,
        null,
        1,
        0,
        0,
        0,
        null,
        null,
        1,
        0,
        0,
        0,
        0,
        null,
        0,
        null,
        null,
        null,
        1,
        0,
        0,
        null,
        null,
        null,
        1,
        0,
        0,
        null,
        null,
        1,
        0,
        0,
        0,
        null,
        null,
        null,
        1,
        0,
        0,
        0,
        null,
        null,
        1,
        0,
        0,
        0,
        0,
        0,
        0,
        null,
        0,
        null,
        null,
        0,
        null,
        0,
        null,
        null,
        1,
        0,
        0,
        0,
        0,
        0,
        0,
        null,
        0,
        null,
        null,
        0,
        null,
        null,
        1,
        1,
        0,
        null,
        null
      ],
      "/Users/tamchau/Work/rails/week3/CoderTicket/app/controllers/application_controller.rb": [
        1,
        null,
        null,
        1,
        1,
        1,
        1,
        1,
        0,
        null,
        null,
        null,
        1,
        1,
        null,
        null
      ],
      "/Users/tamchau/Work/rails/week3/CoderTicket/app/controllers/sessions_controller.rb": [
        1,
        1,
        null,
        null,
        null,
        1,
        null,
        0,
        0,
        0,
        0,
        null,
        0,
        null,
        null,
        null,
        1,
        0,
        0,
        null,
        null,
        null
      ],
      "/Users/tamchau/Work/rails/week3/CoderTicket/app/controllers/ticket_types_controller.rb": [
        1,
        1,
        1,
        0,
        null,
        null,
        1,
        0,
        0,
        0,
        null,
        0,
        null,
        null,
        null,
        1,
        0,
        null,
        null
      ],
      "/Users/tamchau/Work/rails/week3/CoderTicket/app/controllers/users_controller.rb": [
        1,
        null,
        1,
        null,
        null,
        null,
        1,
        null,
        0,
        0,
        null,
        0,
        0,
        0,
        null,
        0,
        0,
        null,
        null,
        null,
        null,
        1,
        1,
        null,
        0,
        null,
        null,
        null
      ],
      "/Users/tamchau/Work/rails/week3/CoderTicket/app/controllers/venues_controller.rb": [
        1,
        1,
        1,
        null,
        null,
        1,
        0,
        0,
        0,
        0,
        null,
        0,
        0,
        null,
        null,
        null,
        1,
        1,
        0,
        null,
        null,
        null
      ],
      "/Users/tamchau/Work/rails/week3/CoderTicket/app/mailers/user_mailer.rb": [
        1,
        1,
        null,
        1,
        0,
        0,
        null,
        null
      ],
      "/Users/tamchau/Work/rails/week3/CoderTicket/app/mailers/application_mailer.rb": [
        1,
        1,
        1,
        null,
        null
      ],
      "/Users/tamchau/Work/rails/week3/CoderTicket/app/models/event.rb": [
        1,
        1,
        1,
        1,
        1,
        null,
        null,
        null,
        null,
        1,
        3,
        null,
        null,
        1,
        3,
        null,
        null,
        1,
        2,
        null,
        null,
        1,
        1,
        1,
        null,
        null,
        1,
        0,
        null,
        null,
        1,
        0,
        null,
        null,
        null
      ],
      "/Users/tamchau/Work/rails/week3/CoderTicket/app/models/ticket.rb": [
        1,
        1,
        1,
        1,
        6,
        null,
        null
      ],
      "/Users/tamchau/Work/rails/week3/CoderTicket/app/models/application_record.rb": [
        1,
        1,
        null
      ],
      "/Users/tamchau/Work/rails/week3/CoderTicket/app/models/user.rb": [
        1,
        1,
        1,
        null
      ],
      "/Users/tamchau/Work/rails/week3/CoderTicket/app/models/venue.rb": [
        1,
        1,
        1,
        1,
        null
      ],
      "/Users/tamchau/Work/rails/week3/CoderTicket/app/models/ticket_type.rb": [
        1,
        1,
        1,
        1,
        null,
        1,
        3,
        2,
        null,
        1,
        null,
        null,
        null
      ],
      "/Users/tamchau/Work/rails/week3/CoderTicket/app/controllers/tickets_controller.rb": [
        0,
        0,
        0,
        0,
        0,
        0,
        0,
        0,
        0,
        0,
        0,
        0,
        0,
        0,
        0,
        0,
        0,
        0,
        0,
        0,
        0,
        0,
        0,
        0,
        0,
        0,
        0,
        0,
        0,
        0,
        0,
        0,
        0,
        0,
        0,
        0,
        0,
        0,
        0,
        0,
        0,
        0,
        0
      ],
      "/Users/tamchau/Work/rails/week3/CoderTicket/app/models/category.rb": [
        0,
        0,
        0,
        0
      ],
      "/Users/tamchau/Work/rails/week3/CoderTicket/app/models/region.rb": [
        0,
        0,
        0,
        0
      ]
    },
    "timestamp": 1498985776
  }
}
